Performing C SOURCE FILE Test CMAKE_HAVE_LIBC_PTHREAD failed with the following output:
Change Dir: /home/lotuscc/git_projects/cgo/build/CMakeFiles/CMakeTmp

Run Build Command(s):/usr/bin/make cmTC_8c612/fast && /usr/bin/make -f CMakeFiles/cmTC_8c612.dir/build.make CMakeFiles/cmTC_8c612.dir/build
make[1]: Entering directory '/home/lotuscc/git_projects/cgo/build/CMakeFiles/CMakeTmp'
Building C object CMakeFiles/cmTC_8c612.dir/src.c.o
/usr/bin/clang-14   -DCMAKE_HAVE_LIBC_PTHREAD   -o CMakeFiles/cmTC_8c612.dir/src.c.o   -c /home/lotuscc/git_projects/cgo/build/CMakeFiles/CMakeTmp/src.c
Linking C executable cmTC_8c612
/usr/bin/cmake -E cmake_link_script CMakeFiles/cmTC_8c612.dir/link.txt --verbose=1
/usr/bin/clang-14  -DCMAKE_HAVE_LIBC_PTHREAD    CMakeFiles/cmTC_8c612.dir/src.c.o  -o cmTC_8c612 
/usr/bin/ld: CMakeFiles/cmTC_8c612.dir/src.c.o: in function `main':
src.c:(.text+0x32): undefined reference to `pthread_create'
/usr/bin/ld: src.c:(.text+0x3b): undefined reference to `pthread_detach'
/usr/bin/ld: src.c:(.text+0x48): undefined reference to `pthread_join'
clang: error: linker command failed with exit code 1 (use -v to see invocation)
make[1]: *** [CMakeFiles/cmTC_8c612.dir/build.make:87: cmTC_8c612] Error 1
make[1]: Leaving directory '/home/lotuscc/git_projects/cgo/build/CMakeFiles/CMakeTmp'
make: *** [Makefile:121: cmTC_8c612/fast] Error 2


Source file was:
#include <pthread.h>

void* test_func(void* data)
{
  return data;
}

int main(void)
{
  pthread_t thread;
  pthread_create(&thread, NULL, test_func, NULL);
  pthread_detach(thread);
  pthread_join(thread, NULL);
  pthread_atfork(NULL, NULL, NULL);
  pthread_exit(NULL);

  return 0;
}

Determining if the function pthread_create exists in the pthreads failed with the following output:
Change Dir: /home/lotuscc/git_projects/cgo/build/CMakeFiles/CMakeTmp

Run Build Command(s):/usr/bin/make cmTC_af7df/fast && /usr/bin/make -f CMakeFiles/cmTC_af7df.dir/build.make CMakeFiles/cmTC_af7df.dir/build
make[1]: Entering directory '/home/lotuscc/git_projects/cgo/build/CMakeFiles/CMakeTmp'
Building C object CMakeFiles/cmTC_af7df.dir/CheckFunctionExists.c.o
/usr/bin/clang-14   -DCHECK_FUNCTION_EXISTS=pthread_create   -o CMakeFiles/cmTC_af7df.dir/CheckFunctionExists.c.o   -c /usr/share/cmake-3.16/Modules/CheckFunctionExists.c
Linking C executable cmTC_af7df
/usr/bin/cmake -E cmake_link_script CMakeFiles/cmTC_af7df.dir/link.txt --verbose=1
/usr/bin/clang-14  -DCHECK_FUNCTION_EXISTS=pthread_create    CMakeFiles/cmTC_af7df.dir/CheckFunctionExists.c.o  -o cmTC_af7df  -lpthreads 
/usr/bin/ld: cannot find -lpthreads
clang: error: linker command failed with exit code 1 (use -v to see invocation)
make[1]: *** [CMakeFiles/cmTC_af7df.dir/build.make:87: cmTC_af7df] Error 1
make[1]: Leaving directory '/home/lotuscc/git_projects/cgo/build/CMakeFiles/CMakeTmp'
make: *** [Makefile:121: cmTC_af7df/fast] Error 2



